<?xml version="1.0" encoding="UTF-8"?>
<!-- Generated by org.testng.reporters.JUnitReportReporter -->
<testsuite hostname="DESKTOP-7VP6Q59" failures="0" tests="1" name="practice_Automation.Launch_Chrome_Browser" time="3.963" errors="0" timestamp="2024-05-08T11:44:17 IST" skipped="0">
  <testcase classname="practice_Automation.Launch_Chrome_Browser" name="Meesho" time="3.963"/>
</testsuite> <!-- practice_Automation.Launch_Chrome_Browser -->
