<?xml version="1.0" encoding="UTF-8"?>
<!-- Generated by org.testng.reporters.JUnitReportReporter -->
<testsuite hostname="DESKTOP-7VP6Q59" failures="0" tests="3" name="practice_Automation.Launch_Chrome_Browser" time="21.626" errors="0" timestamp="2024-05-04T19:05:58 IST" skipped="0">
  <testcase classname="practice_Automation.Launch_Chrome_Browser" name="forgotPassword" time="8.463"/>
  <testcase classname="practice_Automation.Launch_Chrome_Browser" name="webdriver" time="6.154"/>
  <testcase classname="practice_Automation.Launch_Chrome_Browser" name="password" time="7.009"/>
</testsuite> <!-- practice_Automation.Launch_Chrome_Browser -->
